<?xml version="1.0" encoding="UTF-8"?>
<!-- Generated by org.testng.reporters.JUnitReportReporter -->
<testsuite hostname="ITEM-S147505" failures="0" tests="2" name="Temenos.TestCases.ErrorValidationTest" time="14.375" errors="0" timestamp="2023-11-17T21:15:46 IST" skipped="0">
  <testcase classname="Temenos.TestCases.ErrorValidationTest" name="loginErrorValidation" time="5.046"/>
  <system-out/>
  <testcase classname="Temenos.TestCases.ErrorValidationTest" name="confirmationMsgValidation" time="9.329"/>
  <system-out/>
</testsuite> <!-- Temenos.TestCases.ErrorValidationTest -->
