<?xml version="1.0" encoding="UTF-8"?>
<!-- Generated by org.testng.reporters.JUnitReportReporter -->
<testsuite hostname="L7KM63J3" failures="0" tests="3" name="Temenos.TestCases.SubmitOrderTest" time="27.974" errors="0" timestamp="2023-08-18T11:12:33 IST" skipped="0">
  <testcase classname="Temenos.TestCases.SubmitOrderTest" name="SubmitOrder" time="10.581"/>
  <system-out/>
  <testcase classname="Temenos.TestCases.SubmitOrderTest" name="validateOrderPage" time="7.039"/>
  <system-out/>
  <testcase classname="Temenos.TestCases.SubmitOrderTest" name="SubmitOrder" time="10.354"/>
  <system-out/>
</testsuite> <!-- Temenos.TestCases.SubmitOrderTest -->
