<?xml version="1.0" encoding="UTF-8"?>
<!-- Generated by org.testng.reporters.JUnitReportReporter -->
<testsuite hostname="ITEM-S147505" failures="0" tests="3" name="Temenos.TestCases.SubmitOrderTest" time="30.225" errors="0" timestamp="2023-11-17T21:15:46 IST" skipped="0">
  <testcase classname="Temenos.TestCases.SubmitOrderTest" name="validateOrderPage" time="9.609"/>
  <system-out/>
  <testcase classname="Temenos.TestCases.SubmitOrderTest" name="SubmitOrder" time="10.312"/>
  <system-out/>
  <testcase classname="Temenos.TestCases.SubmitOrderTest" name="SubmitOrder" time="10.304"/>
  <system-out/>
</testsuite> <!-- Temenos.TestCases.SubmitOrderTest -->
