<?xml version="1.0" encoding="UTF-8"?>
<!-- Generated by org.testng.reporters.JUnitReportReporter -->
<testsuite hostname="L7KM63J3" failures="0" tests="1" name="cucumber.TestNgTestRunner" time="11.673" errors="0" timestamp="2023-07-04T18:47:04 IST" skipped="0">
  <testcase classname="cucumber.TestNgTestRunner" name="runScenario" time="11.673"/>
  <system-out/>
</testsuite> <!-- cucumber.TestNgTestRunner -->
