<?xml version="1.0" encoding="UTF-8"?>
<!-- Generated by org.testng.reporters.JUnitReportReporter -->
<testsuite hostname="ITEM-S147505" failures="0" tests="2" name="Temenos.TestCases.ErrorValidationTest" time="13.297" errors="0" timestamp="2023-11-04T11:30:43 IST" skipped="0">
  <testcase classname="Temenos.TestCases.ErrorValidationTest" name="confirmationMsgValidation" time="8.522"/>
  <system-out/>
  <testcase classname="Temenos.TestCases.ErrorValidationTest" name="loginErrorValidation" time="4.775"/>
  <system-out>
    <![CDATA[Login Step Done]]>
  </system-out>
</testsuite> <!-- Temenos.TestCases.ErrorValidationTest -->
