<?xml version="1.0" encoding="UTF-8"?>
<!-- Generated by org.testng.reporters.JUnitReportReporter -->
<testsuite hostname="ITEM-S147505" failures="0" tests="3" name="Temenos.TestCases.SubmitOrderTest" time="20.313" errors="0" timestamp="2023-11-04T11:30:43 IST" skipped="0">
  <testcase classname="Temenos.TestCases.SubmitOrderTest" name="validateOrderPage" time="4.806"/>
  <system-out/>
  <testcase classname="Temenos.TestCases.SubmitOrderTest" name="SubmitOrder" time="8.070"/>
  <system-out/>
  <testcase classname="Temenos.TestCases.SubmitOrderTest" name="SubmitOrder" time="7.437"/>
  <system-out/>
</testsuite> <!-- Temenos.TestCases.SubmitOrderTest -->
