<?xml version="1.0" encoding="UTF-8"?>
<!-- Generated by org.testng.reporters.JUnitReportReporter -->
<testsuite hostname="L7KM63J3" failures="0" tests="3" name="test2.Demo3" time="45.705" errors="0" timestamp="2023-08-18T13:33:11 IST" skipped="0">
  <testcase classname="test2.Demo3" name="PrakashLogout" time="14.643"/>
  <system-out/>
  <testcase classname="test2.Demo3" name="Karthick" time="16.629"/>
  <system-out/>
  <testcase classname="test2.Demo3" name="PrakashLogin" time="14.433"/>
  <system-out/>
</testsuite> <!-- test2.Demo3 -->
