<?xml version="1.0" encoding="UTF-8"?>
<!-- Generated by org.testng.reporters.JUnitReportReporter -->
<testsuite hostname="L7KM63J3" failures="0" tests="2" name="test2.Food" time="28.044" errors="0" timestamp="2023-08-18T17:17:17 IST" skipped="0">
  <testcase classname="test2.Food" name="dunzo" time="13.684"/>
  <system-out/>
  <testcase classname="test2.Food" name="zomato" time="14.360"/>
  <system-out/>
</testsuite> <!-- test2.Food -->
