<?xml version="1.0" encoding="UTF-8"?>
<!-- Generated by org.testng.reporters.JUnitReportReporter -->
<testsuite hostname="L7KM63J3" failures="0" tests="2" name="test2.Demo1" time="40.838" errors="0" timestamp="2023-08-18T13:33:11 IST" skipped="0">
  <testcase classname="test2.Demo1" name="PrashanAfter" time="15.770"/>
  <system-out/>
  <testcase classname="test2.Demo1" name="Prashan" time="25.068"/>
  <system-out/>
</testsuite> <!-- test2.Demo1 -->
