<?xml version="1.0" encoding="UTF-8"?>
<!-- Generated by org.testng.reporters.JUnitReportReporter -->
<testsuite hostname="L7KM63J3" failures="0" tests="2" name="test2.Demo2" time="32.083" errors="0" timestamp="2023-08-18T13:33:11 IST" skipped="0">
  <testcase classname="test2.Demo2" name="Surya" time="16.759"/>
  <system-out/>
  <testcase classname="test2.Demo2" name="Letchu" time="15.324"/>
  <system-out/>
</testsuite> <!-- test2.Demo2 -->
