<?xml version="1.0" encoding="UTF-8"?>
<!-- Generated by org.testng.reporters.JUnitReportReporter -->
<testsuite hostname="L7KM63J3" failures="0" tests="3" name="test2.Education" time="42.189" errors="0" timestamp="2023-08-18T17:17:17 IST" skipped="0">
  <testcase classname="test2.Education" name="rahulshetty" time="14.077"/>
  <system-out/>
  <testcase classname="test2.Education" name="sdet" time="13.093"/>
  <system-out/>
  <testcase classname="test2.Education" name="udemy" time="15.019"/>
  <system-out/>
</testsuite> <!-- test2.Education -->
